<?xml version="1.0" encoding="UTF-8"?>
<!-- Generated by org.testng.reporters.JUnitReportReporter -->
<testsuite hostname="AKG05WST045" failures="0" tests="1" name="testAppium.Calc" time="4.671" errors="0" timestamp="2020-11-16T10:33:18 EET" skipped="0">
  <testcase classname="testAppium.Calc" name="testCal" time="4.671"/>
  <system-out/>
</testsuite> <!-- testAppium.Calc -->
