<?xml version="1.0" encoding="UTF-8"?>
<!-- Generated by org.testng.reporters.JUnitReportReporter -->
<testsuite hostname="AKG05WST045" failures="0" tests="1" name="testAppium.Calc" time="3.966" errors="0" timestamp="2020-10-14T17:11:05 EET" skipped="0">
  <testcase classname="testAppium.Calc" name="testCal" time="3.966"/>
  <system-out/>
</testsuite> <!-- testAppium.Calc -->
